  [1m[35m (1.2ms)[0m  [1m[35mCREATE TABLE "schema_migrations" ("version" varchar NOT NULL PRIMARY KEY)[0m
  [1m[35m (1.3ms)[0m  [1m[35mCREATE TABLE "ar_internal_metadata" ("key" varchar NOT NULL PRIMARY KEY, "value" varchar, "created_at" datetime NOT NULL, "updated_at" datetime NOT NULL)[0m
  [1m[36mActiveRecord::SchemaMigration Load (0.1ms)[0m  [1m[34mSELECT "schema_migrations".* FROM "schema_migrations"[0m
Migrating to CreateIdeas (20180212025901)
  [1m[35m (0.1ms)[0m  [1m[36mbegin transaction[0m
  [1m[35m (0.3ms)[0m  [1m[35mCREATE TABLE "ideas" ("id" INTEGER PRIMARY KEY AUTOINCREMENT NOT NULL, "name" varchar, "description" text, "picture" varchar, "created_at" datetime NOT NULL, "updated_at" datetime NOT NULL)[0m
  [1m[35mSQL (0.2ms)[0m  [1m[32mINSERT INTO "schema_migrations" ("version") VALUES (?)[0m  [["version", "20180212025901"]]
  [1m[35m (1.0ms)[0m  [1m[36mcommit transaction[0m
  [1m[36mActiveRecord::InternalMetadata Load (0.1ms)[0m  [1m[34mSELECT  "ar_internal_metadata".* FROM "ar_internal_metadata" WHERE "ar_internal_metadata"."key" = ? LIMIT ?[0m  [["key", :environment], ["LIMIT", 1]]
  [1m[35m (0.0ms)[0m  [1m[36mbegin transaction[0m
  [1m[35mSQL (0.3ms)[0m  [1m[32mINSERT INTO "ar_internal_metadata" ("key", "value", "created_at", "updated_at") VALUES (?, ?, ?, ?)[0m  [["key", "environment"], ["value", "development"], ["created_at", 2018-02-12 02:59:11 UTC], ["updated_at", 2018-02-12 02:59:11 UTC]]
  [1m[35m (1.2ms)[0m  [1m[36mcommit transaction[0m
  [1m[36mActiveRecord::SchemaMigration Load (0.1ms)[0m  [1m[34mSELECT "schema_migrations".* FROM "schema_migrations"[0m
Started GET "/ideas" for ::1 at 2018-02-12 11:59:44 +0900
  [1m[36mActiveRecord::SchemaMigration Load (0.1ms)[0m  [1m[34mSELECT "schema_migrations".* FROM "schema_migrations"[0m
Processing by IdeasController#index as HTML
  Rendering ideas/index.html.erb within layouts/application
  [1m[36mIdea Load (0.2ms)[0m  [1m[34mSELECT "ideas".* FROM "ideas"[0m
  Rendered ideas/index.html.erb within layouts/application (9.9ms)
Completed 200 OK in 780ms (Views: 767.1ms | ActiveRecord: 0.4ms)


  
ArgumentError (key must be 32 bytes):
  
activesupport (5.0.0.1) lib/active_support/message_encryptor.rb:72:in `key='
activesupport (5.0.0.1) lib/active_support/message_encryptor.rb:72:in `_encrypt'
activesupport (5.0.0.1) lib/active_support/message_encryptor.rb:58:in `encrypt_and_sign'
actionpack (5.0.0.1) lib/action_dispatch/middleware/cookies.rb:592:in `commit'
actionpack (5.0.0.1) lib/action_dispatch/middleware/cookies.rb:465:in `[]='
actionpack (5.0.0.1) lib/action_dispatch/middleware/session/cookie_store.rb:117:in `set_cookie'
rack (2.0.1) lib/rack/session/abstract/id.rb:353:in `commit_session'
rack (2.0.1) lib/rack/session/abstract/id.rb:224:in `context'
rack (2.0.1) lib/rack/session/abstract/id.rb:216:in `call'
actionpack (5.0.0.1) lib/action_dispatch/middleware/cookies.rb:613:in `call'
activerecord (5.0.0.1) lib/active_record/migration.rb:552:in `call'
actionpack (5.0.0.1) lib/action_dispatch/middleware/callbacks.rb:38:in `block in call'
activesupport (5.0.0.1) lib/active_support/callbacks.rb:97:in `__run_callbacks__'
activesupport (5.0.0.1) lib/active_support/callbacks.rb:750:in `_run_call_callbacks'
activesupport (5.0.0.1) lib/active_support/callbacks.rb:90:in `run_callbacks'
actionpack (5.0.0.1) lib/action_dispatch/middleware/callbacks.rb:36:in `call'
actionpack (5.0.0.1) lib/action_dispatch/middleware/executor.rb:12:in `call'
actionpack (5.0.0.1) lib/action_dispatch/middleware/remote_ip.rb:79:in `call'
actionpack (5.0.0.1) lib/action_dispatch/middleware/debug_exceptions.rb:49:in `call'
web-console (3.3.1) lib/web_console/middleware.rb:131:in `call_app'
web-console (3.3.1) lib/web_console/middleware.rb:28:in `block in call'
web-console (3.3.1) lib/web_console/middleware.rb:18:in `catch'
web-console (3.3.1) lib/web_console/middleware.rb:18:in `call'
actionpack (5.0.0.1) lib/action_dispatch/middleware/show_exceptions.rb:31:in `call'
railties (5.0.0.1) lib/rails/rack/logger.rb:36:in `call_app'
railties (5.0.0.1) lib/rails/rack/logger.rb:24:in `block in call'
activesupport (5.0.0.1) lib/active_support/tagged_logging.rb:70:in `block in tagged'
activesupport (5.0.0.1) lib/active_support/tagged_logging.rb:26:in `tagged'
activesupport (5.0.0.1) lib/active_support/tagged_logging.rb:70:in `tagged'
railties (5.0.0.1) lib/rails/rack/logger.rb:24:in `call'
sprockets-rails (3.2.0) lib/sprockets/rails/quiet_assets.rb:13:in `call'
actionpack (5.0.0.1) lib/action_dispatch/middleware/request_id.rb:24:in `call'
rack (2.0.1) lib/rack/method_override.rb:22:in `call'
rack (2.0.1) lib/rack/runtime.rb:22:in `call'
activesupport (5.0.0.1) lib/active_support/cache/strategy/local_cache_middleware.rb:28:in `call'
actionpack (5.0.0.1) lib/action_dispatch/middleware/executor.rb:12:in `call'
actionpack (5.0.0.1) lib/action_dispatch/middleware/static.rb:136:in `call'
rack (2.0.1) lib/rack/sendfile.rb:111:in `call'
railties (5.0.0.1) lib/rails/engine.rb:522:in `call'
puma (3.6.0) lib/puma/configuration.rb:225:in `call'
puma (3.6.0) lib/puma/server.rb:578:in `handle_request'
puma (3.6.0) lib/puma/server.rb:415:in `process_client'
puma (3.6.0) lib/puma/server.rb:275:in `block in run'
puma (3.6.0) lib/puma/thread_pool.rb:116:in `block in spawn_thread'
  Rendering /Users/junyakengo/.rbenv/versions/2.4.1/lib/ruby/gems/2.4.0/gems/actionpack-5.0.0.1/lib/action_dispatch/middleware/templates/rescues/diagnostics.html.erb within rescues/layout
  Rendering /Users/junyakengo/.rbenv/versions/2.4.1/lib/ruby/gems/2.4.0/gems/actionpack-5.0.0.1/lib/action_dispatch/middleware/templates/rescues/_source.html.erb
  Rendered /Users/junyakengo/.rbenv/versions/2.4.1/lib/ruby/gems/2.4.0/gems/actionpack-5.0.0.1/lib/action_dispatch/middleware/templates/rescues/_source.html.erb (6.3ms)
  Rendering /Users/junyakengo/.rbenv/versions/2.4.1/lib/ruby/gems/2.4.0/gems/actionpack-5.0.0.1/lib/action_dispatch/middleware/templates/rescues/_trace.html.erb
  Rendered /Users/junyakengo/.rbenv/versions/2.4.1/lib/ruby/gems/2.4.0/gems/actionpack-5.0.0.1/lib/action_dispatch/middleware/templates/rescues/_trace.html.erb (1.3ms)
  Rendering /Users/junyakengo/.rbenv/versions/2.4.1/lib/ruby/gems/2.4.0/gems/actionpack-5.0.0.1/lib/action_dispatch/middleware/templates/rescues/_request_and_response.html.erb
  Rendered /Users/junyakengo/.rbenv/versions/2.4.1/lib/ruby/gems/2.4.0/gems/actionpack-5.0.0.1/lib/action_dispatch/middleware/templates/rescues/_request_and_response.html.erb (0.7ms)
  Rendered /Users/junyakengo/.rbenv/versions/2.4.1/lib/ruby/gems/2.4.0/gems/actionpack-5.0.0.1/lib/action_dispatch/middleware/templates/rescues/diagnostics.html.erb within rescues/layout (153.2ms)
Started GET "/ideas" for ::1 at 2018-02-12 12:00:51 +0900
  [1m[36mActiveRecord::SchemaMigration Load (0.2ms)[0m  [1m[34mSELECT "schema_migrations".* FROM "schema_migrations"[0m
Processing by IdeasController#index as HTML
  Rendering ideas/index.html.erb within layouts/application
  [1m[36mIdea Load (0.1ms)[0m  [1m[34mSELECT "ideas".* FROM "ideas"[0m
  Rendered ideas/index.html.erb within layouts/application (6.0ms)
Completed 200 OK in 197ms (Views: 185.7ms | ActiveRecord: 0.3ms)


  
ArgumentError (key must be 32 bytes):
  
activesupport (5.0.0.1) lib/active_support/message_encryptor.rb:72:in `key='
activesupport (5.0.0.1) lib/active_support/message_encryptor.rb:72:in `_encrypt'
activesupport (5.0.0.1) lib/active_support/message_encryptor.rb:58:in `encrypt_and_sign'
actionpack (5.0.0.1) lib/action_dispatch/middleware/cookies.rb:592:in `commit'
actionpack (5.0.0.1) lib/action_dispatch/middleware/cookies.rb:465:in `[]='
actionpack (5.0.0.1) lib/action_dispatch/middleware/session/cookie_store.rb:117:in `set_cookie'
rack (2.0.1) lib/rack/session/abstract/id.rb:353:in `commit_session'
rack (2.0.1) lib/rack/session/abstract/id.rb:224:in `context'
rack (2.0.1) lib/rack/session/abstract/id.rb:216:in `call'
actionpack (5.0.0.1) lib/action_dispatch/middleware/cookies.rb:613:in `call'
activerecord (5.0.0.1) lib/active_record/migration.rb:552:in `call'
actionpack (5.0.0.1) lib/action_dispatch/middleware/callbacks.rb:38:in `block in call'
activesupport (5.0.0.1) lib/active_support/callbacks.rb:97:in `__run_callbacks__'
activesupport (5.0.0.1) lib/active_support/callbacks.rb:750:in `_run_call_callbacks'
activesupport (5.0.0.1) lib/active_support/callbacks.rb:90:in `run_callbacks'
actionpack (5.0.0.1) lib/action_dispatch/middleware/callbacks.rb:36:in `call'
actionpack (5.0.0.1) lib/action_dispatch/middleware/executor.rb:12:in `call'
actionpack (5.0.0.1) lib/action_dispatch/middleware/remote_ip.rb:79:in `call'
actionpack (5.0.0.1) lib/action_dispatch/middleware/debug_exceptions.rb:49:in `call'
web-console (3.3.1) lib/web_console/middleware.rb:131:in `call_app'
web-console (3.3.1) lib/web_console/middleware.rb:28:in `block in call'
web-console (3.3.1) lib/web_console/middleware.rb:18:in `catch'
web-console (3.3.1) lib/web_console/middleware.rb:18:in `call'
actionpack (5.0.0.1) lib/action_dispatch/middleware/show_exceptions.rb:31:in `call'
railties (5.0.0.1) lib/rails/rack/logger.rb:36:in `call_app'
railties (5.0.0.1) lib/rails/rack/logger.rb:24:in `block in call'
activesupport (5.0.0.1) lib/active_support/tagged_logging.rb:70:in `block in tagged'
activesupport (5.0.0.1) lib/active_support/tagged_logging.rb:26:in `tagged'
activesupport (5.0.0.1) lib/active_support/tagged_logging.rb:70:in `tagged'
railties (5.0.0.1) lib/rails/rack/logger.rb:24:in `call'
sprockets-rails (3.2.0) lib/sprockets/rails/quiet_assets.rb:13:in `call'
actionpack (5.0.0.1) lib/action_dispatch/middleware/request_id.rb:24:in `call'
rack (2.0.1) lib/rack/method_override.rb:22:in `call'
rack (2.0.1) lib/rack/runtime.rb:22:in `call'
activesupport (5.0.0.1) lib/active_support/cache/strategy/local_cache_middleware.rb:28:in `call'
actionpack (5.0.0.1) lib/action_dispatch/middleware/executor.rb:12:in `call'
actionpack (5.0.0.1) lib/action_dispatch/middleware/static.rb:136:in `call'
rack (2.0.1) lib/rack/sendfile.rb:111:in `call'
railties (5.0.0.1) lib/rails/engine.rb:522:in `call'
puma (3.6.0) lib/puma/configuration.rb:225:in `call'
puma (3.6.0) lib/puma/server.rb:578:in `handle_request'
puma (3.6.0) lib/puma/server.rb:415:in `process_client'
puma (3.6.0) lib/puma/server.rb:275:in `block in run'
puma (3.6.0) lib/puma/thread_pool.rb:116:in `block in spawn_thread'
  Rendering /Users/junyakengo/.rbenv/versions/2.4.1/lib/ruby/gems/2.4.0/gems/actionpack-5.0.0.1/lib/action_dispatch/middleware/templates/rescues/diagnostics.html.erb within rescues/layout
  Rendering /Users/junyakengo/.rbenv/versions/2.4.1/lib/ruby/gems/2.4.0/gems/actionpack-5.0.0.1/lib/action_dispatch/middleware/templates/rescues/_source.html.erb
  Rendered /Users/junyakengo/.rbenv/versions/2.4.1/lib/ruby/gems/2.4.0/gems/actionpack-5.0.0.1/lib/action_dispatch/middleware/templates/rescues/_source.html.erb (3.0ms)
  Rendering /Users/junyakengo/.rbenv/versions/2.4.1/lib/ruby/gems/2.4.0/gems/actionpack-5.0.0.1/lib/action_dispatch/middleware/templates/rescues/_trace.html.erb
  Rendered /Users/junyakengo/.rbenv/versions/2.4.1/lib/ruby/gems/2.4.0/gems/actionpack-5.0.0.1/lib/action_dispatch/middleware/templates/rescues/_trace.html.erb (1.3ms)
  Rendering /Users/junyakengo/.rbenv/versions/2.4.1/lib/ruby/gems/2.4.0/gems/actionpack-5.0.0.1/lib/action_dispatch/middleware/templates/rescues/_request_and_response.html.erb
  Rendered /Users/junyakengo/.rbenv/versions/2.4.1/lib/ruby/gems/2.4.0/gems/actionpack-5.0.0.1/lib/action_dispatch/middleware/templates/rescues/_request_and_response.html.erb (0.6ms)
  Rendered /Users/junyakengo/.rbenv/versions/2.4.1/lib/ruby/gems/2.4.0/gems/actionpack-5.0.0.1/lib/action_dispatch/middleware/templates/rescues/diagnostics.html.erb within rescues/layout (109.0ms)
DEPRECATION WARNING: ActiveSupport.halt_callback_chains_on_return_false= is deprecated and will be removed in Rails 5.2. (called from <top (required)> at /Users/junyakengo/Documents/railsTest/config/initializers/new_framework_defaults.rb:21)
DEPRECATION WARNING: ActiveSupport.halt_callback_chains_on_return_false= is deprecated and will be removed in Rails 5.2. (called from <top (required)> at /Users/junyakengo/Documents/railsTest/config/initializers/new_framework_defaults.rb:21)
Started GET "/ideas" for 127.0.0.1 at 2018-02-12 12:03:36 +0900
  [1m[35m (0.5ms)[0m  [1m[34mSELECT "schema_migrations"."version" FROM "schema_migrations" ORDER BY "schema_migrations"."version" ASC[0m
Processing by IdeasController#index as HTML
  Rendering ideas/index.html.erb within layouts/application
  [1m[36mIdea Load (0.1ms)[0m  [1m[34mSELECT "ideas".* FROM "ideas"[0m
  Rendered ideas/index.html.erb within layouts/application (2.9ms)
Completed 500 Internal Server Error in 226ms (ActiveRecord: 0.4ms)


  
ActionView::Template::Error (couldn't find file 'jquery' with type 'application/javascript'
Checked in these paths: 
  /Users/junyakengo/Documents/railsTest/app/assets/config
  /Users/junyakengo/Documents/railsTest/app/assets/images
  /Users/junyakengo/Documents/railsTest/app/assets/javascripts
  /Users/junyakengo/Documents/railsTest/app/assets/stylesheets
  /Users/junyakengo/Documents/railsTest/vendor/assets/javascripts
  /Users/junyakengo/Documents/railsTest/vendor/assets/stylesheets
  /Users/junyakengo/.rbenv/versions/2.4.1/lib/ruby/gems/2.4.0/gems/coffee-rails-4.2.2/lib/assets/javascripts
  /Users/junyakengo/.rbenv/versions/2.4.1/lib/ruby/gems/2.4.0/gems/actioncable-5.1.4/lib/assets/compiled
  /Users/junyakengo/.rbenv/versions/2.4.1/lib/ruby/gems/2.4.0/gems/actionview-5.1.4/lib/assets/compiled
  /Users/junyakengo/.rbenv/versions/2.4.1/lib/ruby/gems/2.4.0/gems/turbolinks-source-5.1.0/lib/assets/javascripts):
    4:     <title>TestApp2</title>
    5:     <%= csrf_meta_tags %>
    6: 
    7:     <%= stylesheet_link_tag    'application', media: 'all', 'data-turbolinks-track': 'reload' %>
    8:     <%= javascript_include_tag 'application', 'data-turbolinks-track': 'reload' %>
    9:   </head>
   10: 
  
app/assets/javascripts/application.js:13
app/views/layouts/application.html.erb:7:in `_app_views_layouts_application_html_erb___890295254415384027_70224872058520'
Started GET "/ideas" for 127.0.0.1 at 2018-02-12 12:05:39 +0900
Processing by IdeasController#index as HTML
  Rendering ideas/index.html.erb within layouts/application
  [1m[36mIdea Load (0.1ms)[0m  [1m[34mSELECT "ideas".* FROM "ideas"[0m
  Rendered ideas/index.html.erb within layouts/application (2.6ms)
Completed 500 Internal Server Error in 19ms (ActiveRecord: 0.4ms)


  
ActionView::Template::Error (couldn't find file 'jquery' with type 'application/javascript'
Checked in these paths: 
  /Users/junyakengo/Documents/railsTest/app/assets/config
  /Users/junyakengo/Documents/railsTest/app/assets/images
  /Users/junyakengo/Documents/railsTest/app/assets/javascripts
  /Users/junyakengo/Documents/railsTest/app/assets/stylesheets
  /Users/junyakengo/Documents/railsTest/vendor/assets/javascripts
  /Users/junyakengo/Documents/railsTest/vendor/assets/stylesheets
  /Users/junyakengo/.rbenv/versions/2.4.1/lib/ruby/gems/2.4.0/gems/coffee-rails-4.2.2/lib/assets/javascripts
  /Users/junyakengo/.rbenv/versions/2.4.1/lib/ruby/gems/2.4.0/gems/actioncable-5.1.4/lib/assets/compiled
  /Users/junyakengo/.rbenv/versions/2.4.1/lib/ruby/gems/2.4.0/gems/actionview-5.1.4/lib/assets/compiled
  /Users/junyakengo/.rbenv/versions/2.4.1/lib/ruby/gems/2.4.0/gems/turbolinks-source-5.1.0/lib/assets/javascripts):
     6: 
     7:     <link rel="stylesheet" href="//maxcdn.bootstrapcdn.com/bootstrap/3.3.7/css/bootstrap.min.css">
     8:     <link rel="stylesheet" href="//maxcdn.bootstrapcdn.com/bootstrap/3.3.7/css/bootstrap-theme.min.css">
     9:     <%= javascript_include_tag 'application', 'data-turbolinks-track': 'reload' %>
    10:   </head>
    11: 
    12:   <body>
  
app/assets/javascripts/application.js:13
app/views/layouts/application.html.erb:9:in `_app_views_layouts_application_html_erb___890295254415384027_70224874680580'
Started GET "/ideas" for 127.0.0.1 at 2018-02-12 12:05:49 +0900
Processing by IdeasController#index as HTML
  Rendering ideas/index.html.erb within layouts/application
  [1m[36mIdea Load (0.2ms)[0m  [1m[34mSELECT "ideas".* FROM "ideas"[0m
  Rendered ideas/index.html.erb within layouts/application (1.3ms)
Completed 200 OK in 10ms (Views: 7.6ms | ActiveRecord: 0.2ms)


Started GET "/ideas/new" for 127.0.0.1 at 2018-02-12 12:05:51 +0900
Processing by IdeasController#new as HTML
  Rendering ideas/new.html.erb within layouts/application
  Rendered ideas/_form.html.erb (25.9ms)
  Rendered ideas/new.html.erb within layouts/application (29.3ms)
Completed 200 OK in 45ms (Views: 35.2ms | ActiveRecord: 0.4ms)


Started GET "/ideas/new" for 127.0.0.1 at 2018-02-12 12:06:25 +0900
Processing by IdeasController#new as HTML
  Rendering ideas/new.html.erb within layouts/application
  Rendered ideas/_form.html.erb (2.2ms)
  Rendered ideas/new.html.erb within layouts/application (4.9ms)
Completed 200 OK in 14ms (Views: 10.7ms | ActiveRecord: 0.0ms)


Started GET "/ideas/new" for 127.0.0.1 at 2018-02-12 12:07:14 +0900
Processing by IdeasController#new as HTML
  Rendering ideas/new.html.erb within layouts/application
  Rendered ideas/_form.html.erb (2.8ms)
  Rendered ideas/new.html.erb within layouts/application (5.2ms)
Completed 200 OK in 14ms (Views: 11.8ms | ActiveRecord: 0.0ms)


Started GET "/ideas/new" for 127.0.0.1 at 2018-02-12 12:07:33 +0900
Processing by IdeasController#new as HTML
  Rendering ideas/new.html.erb within layouts/application
  Rendered ideas/_form.html.erb (1.9ms)
  Rendered ideas/new.html.erb within layouts/application (4.2ms)
Completed 200 OK in 13ms (Views: 10.2ms | ActiveRecord: 0.0ms)


DEPRECATION WARNING: ActiveSupport.halt_callback_chains_on_return_false= is deprecated and will be removed in Rails 5.2. (called from <top (required)> at /Users/junyakengo/Documents/railsTest/config/initializers/new_framework_defaults.rb:21)
Started GET "/ideas/new" for 127.0.0.1 at 2018-02-12 12:07:49 +0900
  [1m[35m (0.1ms)[0m  [1m[34mSELECT "schema_migrations"."version" FROM "schema_migrations" ORDER BY "schema_migrations"."version" ASC[0m
Processing by IdeasController#new as HTML
  Rendering ideas/new.html.erb within layouts/application
  Rendered ideas/_form.html.erb (13.5ms)
  Rendered ideas/new.html.erb within layouts/application (16.2ms)
Completed 200 OK in 40ms (Views: 23.9ms | ActiveRecord: 0.5ms)


Started GET "/ideas/new" for 127.0.0.1 at 2018-02-12 12:08:22 +0900
Processing by IdeasController#new as HTML
  Rendering ideas/new.html.erb within layouts/application
  Rendered ideas/_form.html.erb (2.0ms)
  Rendered ideas/new.html.erb within layouts/application (4.3ms)
Completed 200 OK in 14ms (Views: 10.8ms | ActiveRecord: 0.0ms)


Started GET "/ideas/new" for 127.0.0.1 at 2018-02-12 12:08:25 +0900
Processing by IdeasController#new as HTML
  Rendering ideas/new.html.erb within layouts/application
  Rendered ideas/_form.html.erb (2.2ms)
  Rendered ideas/new.html.erb within layouts/application (4.8ms)
Completed 200 OK in 15ms (Views: 12.0ms | ActiveRecord: 0.0ms)


Started GET "/ideas/new" for 127.0.0.1 at 2018-02-12 12:08:39 +0900
Processing by IdeasController#new as HTML
  Rendering ideas/new.html.erb within layouts/application
  Rendered ideas/_form.html.erb (1.9ms)
  Rendered ideas/new.html.erb within layouts/application (4.4ms)
Completed 200 OK in 14ms (Views: 11.3ms | ActiveRecord: 0.0ms)


Started GET "/ideas" for 127.0.0.1 at 2018-02-12 12:08:41 +0900
Processing by IdeasController#index as HTML
  Rendering ideas/index.html.erb within layouts/application
  [1m[36mIdea Load (0.2ms)[0m  [1m[34mSELECT "ideas".* FROM "ideas"[0m
  Rendered ideas/index.html.erb within layouts/application (1.7ms)
Completed 200 OK in 12ms (Views: 8.6ms | ActiveRecord: 0.2ms)


DEPRECATION WARNING: ActiveSupport.halt_callback_chains_on_return_false= is deprecated and will be removed in Rails 5.2. (called from <top (required)> at /Users/junyakengo/Documents/railsTest/config/initializers/new_framework_defaults.rb:21)
Started GET "/ideas" for 127.0.0.1 at 2018-02-12 12:08:56 +0900
  [1m[35m (0.1ms)[0m  [1m[34mSELECT "schema_migrations"."version" FROM "schema_migrations" ORDER BY "schema_migrations"."version" ASC[0m
Processing by IdeasController#index as HTML
  Rendering ideas/index.html.erb within layouts/application
  [1m[36mIdea Load (0.2ms)[0m  [1m[34mSELECT "ideas".* FROM "ideas"[0m
  Rendered ideas/index.html.erb within layouts/application (3.4ms)
Completed 200 OK in 25ms (Views: 11.7ms | ActiveRecord: 0.5ms)


Started GET "/ideas" for 127.0.0.1 at 2018-02-12 12:09:04 +0900
Processing by IdeasController#index as HTML
  Rendering ideas/index.html.erb within layouts/application
  [1m[36mIdea Load (0.3ms)[0m  [1m[34mSELECT "ideas".* FROM "ideas"[0m
  Rendered ideas/index.html.erb within layouts/application (4.1ms)
Completed 200 OK in 15ms (Views: 12.2ms | ActiveRecord: 0.6ms)


DEPRECATION WARNING: ActiveSupport.halt_callback_chains_on_return_false= is deprecated and will be removed in Rails 5.2. (called from <top (required)> at /Users/junyakengo/Documents/railsTest/config/initializers/new_framework_defaults.rb:21)
DEPRECATION WARNING: ActiveSupport.halt_callback_chains_on_return_false= is deprecated and will be removed in Rails 5.2. (called from <top (required)> at /Users/junyakengo/Documents/railsTest/config/initializers/new_framework_defaults.rb:21)
DEPRECATION WARNING: ActiveSupport.halt_callback_chains_on_return_false= is deprecated and will be removed in Rails 5.2. (called from <top (required)> at /Users/junyakengo/Documents/railsTest/config/initializers/new_framework_defaults.rb:21)
Started GET "/ideas" for 127.0.0.1 at 2018-02-12 12:12:45 +0900
  [1m[35m (0.1ms)[0m  [1m[34mSELECT "schema_migrations"."version" FROM "schema_migrations" ORDER BY "schema_migrations"."version" ASC[0m
Processing by IdeasController#index as HTML
  Rendering ideas/index.html.erb within layouts/application
  [1m[36mIdea Load (0.1ms)[0m  [1m[34mSELECT "ideas".* FROM "ideas"[0m
  Rendered ideas/index.html.erb within layouts/application (3.0ms)
Completed 200 OK in 24ms (Views: 10.5ms | ActiveRecord: 0.5ms)


Started GET "/ideas/new" for 127.0.0.1 at 2018-02-12 12:12:48 +0900
Processing by IdeasController#new as HTML
  Rendering ideas/new.html.erb within layouts/application
  Rendered ideas/_form.html.erb (129.1ms)
  Rendered ideas/new.html.erb within layouts/application (131.3ms)
Completed 500 Internal Server Error in 155ms (ActiveRecord: 1.0ms)


  
ActionView::Template::Error (undefined local variable or method `form' for #<#<Class:0x007ff7192ee010>:0x007ff71b4fbf40>):
    23: 
    24:   <div class="field">
    25:     <%= f.label :picture %>
    26:     <%= form.file_field :picture, id: :idea_picture %>
    27:   </div>
    28: 
    29:   <div class="actions">
  
app/views/ideas/_form.html.erb:26:in `block in _app_views_ideas__form_html_erb___549956457344261670_70349645852800'
app/views/ideas/_form.html.erb:1:in `_app_views_ideas__form_html_erb___549956457344261670_70349645852800'
app/views/ideas/new.html.erb:3:in `_app_views_ideas_new_html_erb___3292328121955481563_70349624673760'
Started GET "/ideas/new" for 127.0.0.1 at 2018-02-12 12:13:21 +0900
Processing by IdeasController#new as HTML
  Rendering ideas/new.html.erb within layouts/application
  Rendered ideas/_form.html.erb (0.8ms)
  Rendered ideas/new.html.erb within layouts/application (3.1ms)
Completed 500 Internal Server Error in 12ms (ActiveRecord: 0.0ms)


  
SyntaxError (/Users/junyakengo/Documents/railsTest/app/views/ideas/_form.html.erb:35: syntax error, unexpected keyword_ensure, expecting keyword_end
          ensure
                ^):
  
app/views/ideas/_form.html.erb:35: syntax error, unexpected keyword_ensure, expecting keyword_end
app/views/ideas/new.html.erb:3:in `_app_views_ideas_new_html_erb___3292328121955481563_70349656388140'
Started GET "/ideas" for 127.0.0.1 at 2018-02-12 12:14:05 +0900
Processing by IdeasController#index as HTML
  Rendering ideas/index.html.erb within layouts/application
  [1m[36mIdea Load (0.2ms)[0m  [1m[34mSELECT "ideas".* FROM "ideas"[0m
  Rendered ideas/index.html.erb within layouts/application (1.8ms)
Completed 200 OK in 11ms (Views: 8.0ms | ActiveRecord: 0.2ms)


Started GET "/ideas/new" for 127.0.0.1 at 2018-02-12 12:14:12 +0900
Processing by IdeasController#new as HTML
  Rendering ideas/new.html.erb within layouts/application
  Rendered ideas/_form.html.erb (5.0ms)
  Rendered ideas/new.html.erb within layouts/application (7.9ms)
Completed 200 OK in 17ms (Views: 14.7ms | ActiveRecord: 0.0ms)


Started GET "/" for 127.0.0.1 at 2018-02-12 12:14:16 +0900
Processing by Rails::WelcomeController#index as HTML
  Rendering /Users/junyakengo/.rbenv/versions/2.4.1/lib/ruby/gems/2.4.0/gems/railties-5.1.4/lib/rails/templates/rails/welcome/index.html.erb
  Rendered /Users/junyakengo/.rbenv/versions/2.4.1/lib/ruby/gems/2.4.0/gems/railties-5.1.4/lib/rails/templates/rails/welcome/index.html.erb (2.6ms)
Completed 200 OK in 13ms (Views: 7.3ms | ActiveRecord: 0.0ms)


Started GET "/ideas" for 127.0.0.1 at 2018-02-12 12:14:22 +0900
Processing by IdeasController#index as HTML
  Rendering ideas/index.html.erb within layouts/application
  [1m[36mIdea Load (0.3ms)[0m  [1m[34mSELECT "ideas".* FROM "ideas"[0m
  Rendered ideas/index.html.erb within layouts/application (2.0ms)
Completed 200 OK in 15ms (Views: 11.5ms | ActiveRecord: 0.3ms)


Started GET "/ideas/new" for 127.0.0.1 at 2018-02-12 12:15:12 +0900
Processing by IdeasController#new as HTML
  Rendering ideas/new.html.erb within layouts/application
  Rendered ideas/_form.html.erb (2.5ms)
  Rendered ideas/new.html.erb within layouts/application (5.0ms)
Completed 200 OK in 15ms (Views: 11.4ms | ActiveRecord: 0.0ms)


Started POST "/ideas" for 127.0.0.1 at 2018-02-12 12:15:19 +0900
Processing by IdeasController#create as HTML
  Parameters: {"utf8"=>"✓", "authenticity_token"=>"hKk1PjDQwH7rVdlDgvaDKQsHQn75AAym/XlmX8Iomj47lR3m28KJbQPwuw5GF6xqm1t4j6gd4PzoYfCtKJzF5A==", "idea"=>{"name"=>"1", "description"=>"1", "picture"=>#<ActionDispatch::Http::UploadedFile:0x007ff71b3a56a0 @tempfile=#<Tempfile:/var/folders/z8/nzd1gd0j6gj2nx4hd77bjbb80000gn/T/RackMultipart20180212-38020-g236fq.png>, @original_filename="test.png", @content_type="image/png", @headers="Content-Disposition: form-data; name=\"idea[picture]\"; filename=\"test.png\"\r\nContent-Type: image/png\r\n">}, "commit"=>"Create Idea"}
  [1m[35m (0.1ms)[0m  [1m[36mbegin transaction[0m
  [1m[35mSQL (0.6ms)[0m  [1m[32mINSERT INTO "ideas" ("name", "description", "picture", "created_at", "updated_at") VALUES (?, ?, ?, ?, ?)[0m  [["name", "1"], ["description", "1"], ["picture", "test.png"], ["created_at", "2018-02-12 03:15:19.967263"], ["updated_at", "2018-02-12 03:15:19.967263"]]
  [1m[35m (0.8ms)[0m  [1m[36mcommit transaction[0m
Redirected to http://localhost:3000/ideas/1
Completed 302 Found in 14ms (ActiveRecord: 1.4ms)


Started GET "/ideas/1" for 127.0.0.1 at 2018-02-12 12:15:19 +0900
Processing by IdeasController#show as HTML
  Parameters: {"id"=>"1"}
  [1m[36mIdea Load (0.2ms)[0m  [1m[34mSELECT  "ideas".* FROM "ideas" WHERE "ideas"."id" = ? LIMIT ?[0m  [["id", 1], ["LIMIT", 1]]
  Rendering ideas/show.html.erb within layouts/application
  Rendered ideas/show.html.erb within layouts/application (1.6ms)
Completed 200 OK in 15ms (Views: 8.2ms | ActiveRecord: 0.2ms)


Started GET "/ideas" for 127.0.0.1 at 2018-02-12 12:15:26 +0900
Processing by IdeasController#index as HTML
  Rendering ideas/index.html.erb within layouts/application
  [1m[36mIdea Load (0.2ms)[0m  [1m[34mSELECT "ideas".* FROM "ideas"[0m
  Rendered ideas/index.html.erb within layouts/application (2.1ms)
Completed 200 OK in 12ms (Views: 7.9ms | ActiveRecord: 0.2ms)


Started GET "/ideas/1" for 127.0.0.1 at 2018-02-12 12:15:29 +0900
Processing by IdeasController#show as HTML
  Parameters: {"id"=>"1"}
  [1m[36mIdea Load (0.1ms)[0m  [1m[34mSELECT  "ideas".* FROM "ideas" WHERE "ideas"."id" = ? LIMIT ?[0m  [["id", 1], ["LIMIT", 1]]
  Rendering ideas/show.html.erb within layouts/application
  Rendered ideas/show.html.erb within layouts/application (1.3ms)
Completed 200 OK in 11ms (Views: 7.7ms | ActiveRecord: 0.1ms)


DEPRECATION WARNING: ActiveSupport.halt_callback_chains_on_return_false= is deprecated and will be removed in Rails 5.2. (called from <top (required)> at /Users/junyakengo/Documents/railsTest/config/initializers/new_framework_defaults.rb:21)
DEPRECATION WARNING: ActiveSupport.halt_callback_chains_on_return_false= is deprecated and will be removed in Rails 5.2. (called from <top (required)> at /Users/junyakengo/Documents/railsTest/config/initializers/new_framework_defaults.rb:21)
DEPRECATION WARNING: ActiveSupport.halt_callback_chains_on_return_false= is deprecated and will be removed in Rails 5.2. (called from <top (required)> at /Users/junyakengo/Documents/railsTest/config/initializers/new_framework_defaults.rb:21)
DEPRECATION WARNING: ActiveSupport.halt_callback_chains_on_return_false= is deprecated and will be removed in Rails 5.2. (called from <top (required)> at /Users/junyakengo/Documents/railsTest/config/initializers/new_framework_defaults.rb:21)
Started GET "/" for 127.0.0.1 at 2018-02-12 12:19:40 +0900
  [1m[35m (0.1ms)[0m  [1m[34mSELECT "schema_migrations"."version" FROM "schema_migrations" ORDER BY "schema_migrations"."version" ASC[0m
Started GET "/ideas" for 127.0.0.1 at 2018-02-12 12:19:40 +0900
Processing by IdeasController#index as HTML
  Rendering ideas/index.html.erb within layouts/application
  [1m[36mIdea Load (0.3ms)[0m  [1m[34mSELECT "ideas".* FROM "ideas"[0m
  Rendered ideas/index.html.erb within layouts/application (15.4ms)
Completed 200 OK in 49ms (Views: 24.1ms | ActiveRecord: 1.2ms)


Started GET "/page" for 127.0.0.1 at 2018-02-12 12:20:05 +0900
  
ActionController::RoutingError (No route matches [GET] "/page"):
  
actionpack (5.1.4) lib/action_dispatch/middleware/debug_exceptions.rb:63:in `call'
web-console (3.5.1) lib/web_console/middleware.rb:135:in `call_app'
web-console (3.5.1) lib/web_console/middleware.rb:28:in `block in call'
web-console (3.5.1) lib/web_console/middleware.rb:18:in `catch'
web-console (3.5.1) lib/web_console/middleware.rb:18:in `call'
actionpack (5.1.4) lib/action_dispatch/middleware/show_exceptions.rb:31:in `call'
railties (5.1.4) lib/rails/rack/logger.rb:36:in `call_app'
railties (5.1.4) lib/rails/rack/logger.rb:24:in `block in call'
activesupport (5.1.4) lib/active_support/tagged_logging.rb:69:in `block in tagged'
activesupport (5.1.4) lib/active_support/tagged_logging.rb:26:in `tagged'
activesupport (5.1.4) lib/active_support/tagged_logging.rb:69:in `tagged'
railties (5.1.4) lib/rails/rack/logger.rb:24:in `call'
sprockets-rails (3.2.1) lib/sprockets/rails/quiet_assets.rb:13:in `call'
actionpack (5.1.4) lib/action_dispatch/middleware/remote_ip.rb:79:in `call'
actionpack (5.1.4) lib/action_dispatch/middleware/request_id.rb:25:in `call'
rack (2.0.4) lib/rack/method_override.rb:22:in `call'
rack (2.0.4) lib/rack/runtime.rb:22:in `call'
activesupport (5.1.4) lib/active_support/cache/strategy/local_cache_middleware.rb:27:in `call'
actionpack (5.1.4) lib/action_dispatch/middleware/executor.rb:12:in `call'
actionpack (5.1.4) lib/action_dispatch/middleware/static.rb:125:in `call'
rack (2.0.4) lib/rack/sendfile.rb:111:in `call'
railties (5.1.4) lib/rails/engine.rb:522:in `call'
puma (3.11.2) lib/puma/configuration.rb:225:in `call'
puma (3.11.2) lib/puma/server.rb:624:in `handle_request'
puma (3.11.2) lib/puma/server.rb:438:in `process_client'
puma (3.11.2) lib/puma/server.rb:302:in `block in run'
puma (3.11.2) lib/puma/thread_pool.rb:120:in `block in spawn_thread'
Started GET "/pages" for 127.0.0.1 at 2018-02-12 12:20:08 +0900
  
ActionController::RoutingError (No route matches [GET] "/pages"):
  
actionpack (5.1.4) lib/action_dispatch/middleware/debug_exceptions.rb:63:in `call'
web-console (3.5.1) lib/web_console/middleware.rb:135:in `call_app'
web-console (3.5.1) lib/web_console/middleware.rb:28:in `block in call'
web-console (3.5.1) lib/web_console/middleware.rb:18:in `catch'
web-console (3.5.1) lib/web_console/middleware.rb:18:in `call'
actionpack (5.1.4) lib/action_dispatch/middleware/show_exceptions.rb:31:in `call'
railties (5.1.4) lib/rails/rack/logger.rb:36:in `call_app'
railties (5.1.4) lib/rails/rack/logger.rb:24:in `block in call'
activesupport (5.1.4) lib/active_support/tagged_logging.rb:69:in `block in tagged'
activesupport (5.1.4) lib/active_support/tagged_logging.rb:26:in `tagged'
activesupport (5.1.4) lib/active_support/tagged_logging.rb:69:in `tagged'
railties (5.1.4) lib/rails/rack/logger.rb:24:in `call'
sprockets-rails (3.2.1) lib/sprockets/rails/quiet_assets.rb:13:in `call'
actionpack (5.1.4) lib/action_dispatch/middleware/remote_ip.rb:79:in `call'
actionpack (5.1.4) lib/action_dispatch/middleware/request_id.rb:25:in `call'
rack (2.0.4) lib/rack/method_override.rb:22:in `call'
rack (2.0.4) lib/rack/runtime.rb:22:in `call'
activesupport (5.1.4) lib/active_support/cache/strategy/local_cache_middleware.rb:27:in `call'
actionpack (5.1.4) lib/action_dispatch/middleware/executor.rb:12:in `call'
actionpack (5.1.4) lib/action_dispatch/middleware/static.rb:125:in `call'
rack (2.0.4) lib/rack/sendfile.rb:111:in `call'
railties (5.1.4) lib/rails/engine.rb:522:in `call'
puma (3.11.2) lib/puma/configuration.rb:225:in `call'
puma (3.11.2) lib/puma/server.rb:624:in `handle_request'
puma (3.11.2) lib/puma/server.rb:438:in `process_client'
puma (3.11.2) lib/puma/server.rb:302:in `block in run'
puma (3.11.2) lib/puma/thread_pool.rb:120:in `block in spawn_thread'
Started GET "/pages/info" for 127.0.0.1 at 2018-02-12 12:20:20 +0900
Processing by PagesController#info as HTML
  Rendering pages/info.html.erb within layouts/application
  Rendered pages/info.html.erb within layouts/application (0.3ms)
Completed 200 OK in 10ms (Views: 7.0ms | ActiveRecord: 0.0ms)


Started GET "/pages/info" for 127.0.0.1 at 2018-02-12 12:21:32 +0900
Processing by PagesController#info as HTML
  Rendering pages/info.html.erb within layouts/application
  Rendered pages/info.html.erb within layouts/application (0.6ms)
Completed 500 Internal Server Error in 241ms (ActiveRecord: 0.0ms)


  
ActionView::Template::Error (couldn't find file 'jquery' with type 'application/javascript'
Checked in these paths: 
  /Users/junyakengo/Documents/railsTest/app/assets/config
  /Users/junyakengo/Documents/railsTest/app/assets/images
  /Users/junyakengo/Documents/railsTest/app/assets/javascripts
  /Users/junyakengo/Documents/railsTest/app/assets/stylesheets
  /Users/junyakengo/Documents/railsTest/vendor/assets/javascripts
  /Users/junyakengo/Documents/railsTest/vendor/assets/stylesheets
  /Users/junyakengo/.rbenv/versions/2.4.1/lib/ruby/gems/2.4.0/gems/coffee-rails-4.2.2/lib/assets/javascripts
  /Users/junyakengo/.rbenv/versions/2.4.1/lib/ruby/gems/2.4.0/gems/actioncable-5.1.4/lib/assets/compiled
  /Users/junyakengo/.rbenv/versions/2.4.1/lib/ruby/gems/2.4.0/gems/actionview-5.1.4/lib/assets/compiled
  /Users/junyakengo/.rbenv/versions/2.4.1/lib/ruby/gems/2.4.0/gems/turbolinks-source-5.1.0/lib/assets/javascripts):
     7:     <link rel="stylesheet" href="//maxcdn.bootstrapcdn.com/bootstrap/3.3.7/css/bootstrap.min.css">
     8:     <link rel="stylesheet" href="//maxcdn.bootstrapcdn.com/bootstrap/3.3.7/css/bootstrap-theme.min.css">
     9: 
    10:     <%= stylesheet_link_tag    'application', media: 'all', 'data-turbolinks-track': 'reload' %>
    11:     <%= javascript_include_tag 'application', 'data-turbolinks-track': 'reload' %>
    12:   </head>
    13: 
  
app/assets/javascripts/application.js:13
app/views/layouts/application.html.erb:10:in `_app_views_layouts_application_html_erb___530879619861072026_70126903282500'
Started GET "/" for 127.0.0.1 at 2018-02-12 12:21:41 +0900
Started GET "/ideas" for 127.0.0.1 at 2018-02-12 12:21:41 +0900
Processing by IdeasController#index as HTML
  Rendering ideas/index.html.erb within layouts/application
  [1m[36mIdea Load (0.1ms)[0m  [1m[34mSELECT "ideas".* FROM "ideas"[0m
  Rendered ideas/index.html.erb within layouts/application (1.9ms)
Completed 500 Internal Server Error in 16ms (ActiveRecord: 0.1ms)


  
ActionView::Template::Error (couldn't find file 'jquery' with type 'application/javascript'
Checked in these paths: 
  /Users/junyakengo/Documents/railsTest/app/assets/config
  /Users/junyakengo/Documents/railsTest/app/assets/images
  /Users/junyakengo/Documents/railsTest/app/assets/javascripts
  /Users/junyakengo/Documents/railsTest/app/assets/stylesheets
  /Users/junyakengo/Documents/railsTest/vendor/assets/javascripts
  /Users/junyakengo/Documents/railsTest/vendor/assets/stylesheets
  /Users/junyakengo/.rbenv/versions/2.4.1/lib/ruby/gems/2.4.0/gems/coffee-rails-4.2.2/lib/assets/javascripts
  /Users/junyakengo/.rbenv/versions/2.4.1/lib/ruby/gems/2.4.0/gems/actioncable-5.1.4/lib/assets/compiled
  /Users/junyakengo/.rbenv/versions/2.4.1/lib/ruby/gems/2.4.0/gems/actionview-5.1.4/lib/assets/compiled
  /Users/junyakengo/.rbenv/versions/2.4.1/lib/ruby/gems/2.4.0/gems/turbolinks-source-5.1.0/lib/assets/javascripts):
     7:     <link rel="stylesheet" href="//maxcdn.bootstrapcdn.com/bootstrap/3.3.7/css/bootstrap.min.css">
     8:     <link rel="stylesheet" href="//maxcdn.bootstrapcdn.com/bootstrap/3.3.7/css/bootstrap-theme.min.css">
     9: 
    10:     <%= stylesheet_link_tag    'application', media: 'all', 'data-turbolinks-track': 'reload' %>
    11:     <%= javascript_include_tag 'application', 'data-turbolinks-track': 'reload' %>
    12:   </head>
    13: 
  
app/assets/javascripts/application.js:13
app/views/layouts/application.html.erb:10:in `_app_views_layouts_application_html_erb___530879619861072026_70126928791080'
Started GET "/ideas" for 127.0.0.1 at 2018-02-12 12:22:35 +0900
Processing by IdeasController#index as HTML
  Rendering ideas/index.html.erb within layouts/application
  [1m[36mIdea Load (0.2ms)[0m  [1m[34mSELECT "ideas".* FROM "ideas"[0m
  Rendered ideas/index.html.erb within layouts/application (1.9ms)
Completed 200 OK in 42ms (Views: 39.0ms | ActiveRecord: 0.2ms)


